
*** Running xst
    with args -ifn "mojo_top_0.xst" -ofn "mojo_top_0.srp" -intstyle ise

Reading design: mojo_top_0.prj

=========================================================================
*                          HDL Parsing                                  *
=========================================================================
Analyzing Verilog file "C:/Users/PhoebusXS/Desktop/mojo-ide-B1.3.4/myProjects/Eight-Bit-ALU/work/planAhead/IOShieldExample/IOShieldExample.srcs/sources_1/imports/verilog/reset_conditioner_3.v" into library work
Parsing module <reset_conditioner_3>.
Analyzing Verilog file "C:/Users/PhoebusXS/Desktop/mojo-ide-B1.3.4/myProjects/Eight-Bit-ALU/work/planAhead/IOShieldExample/IOShieldExample.srcs/sources_1/imports/verilog/comparer_2.v" into library work
Parsing module <comparer_2>.
Analyzing Verilog file "C:/Users/PhoebusXS/Desktop/mojo-ide-B1.3.4/myProjects/Eight-Bit-ALU/work/planAhead/IOShieldExample/IOShieldExample.srcs/sources_1/imports/verilog/adder_1.v" into library work
Parsing module <adder_1>.
Analyzing Verilog file "C:/Users/PhoebusXS/Desktop/mojo-ide-B1.3.4/myProjects/Eight-Bit-ALU/work/planAhead/IOShieldExample/IOShieldExample.srcs/sources_1/imports/verilog/mojo_top_0.v" into library work
Parsing module <mojo_top_0>.

=========================================================================
*                            HDL Elaboration                            *
=========================================================================

Elaborating module <mojo_top_0>.

Elaborating module <adder_1>.
WARNING:HDLCompiler:1127 - "C:/Users/PhoebusXS/Desktop/mojo-ide-B1.3.4/myProjects/Eight-Bit-ALU/work/planAhead/IOShieldExample/IOShieldExample.srcs/sources_1/imports/verilog/mojo_top_0.v" Line 38: Assignment to M_myAdder_z ignored, since the identifier is never used
WARNING:HDLCompiler:1127 - "C:/Users/PhoebusXS/Desktop/mojo-ide-B1.3.4/myProjects/Eight-Bit-ALU/work/planAhead/IOShieldExample/IOShieldExample.srcs/sources_1/imports/verilog/mojo_top_0.v" Line 39: Assignment to M_myAdder_v ignored, since the identifier is never used
WARNING:HDLCompiler:1127 - "C:/Users/PhoebusXS/Desktop/mojo-ide-B1.3.4/myProjects/Eight-Bit-ALU/work/planAhead/IOShieldExample/IOShieldExample.srcs/sources_1/imports/verilog/mojo_top_0.v" Line 40: Assignment to M_myAdder_n ignored, since the identifier is never used

Elaborating module <comparer_2>.

Elaborating module <reset_conditioner_3>.
WARNING:HDLCompiler:1127 - "C:/Users/PhoebusXS/Desktop/mojo-ide-B1.3.4/myProjects/Eight-Bit-ALU/work/planAhead/IOShieldExample/IOShieldExample.srcs/sources_1/imports/verilog/mojo_top_0.v" Line 67: Assignment to rst ignored, since the identifier is never used
WARNING:Xst:2972 - "C:/Users/PhoebusXS/Desktop/mojo-ide-B1.3.4/myProjects/Eight-Bit-ALU/work/planAhead/IOShieldExample/IOShieldExample.srcs/sources_1/imports/verilog/mojo_top_0.v" line 61. All outputs of instance <reset_cond> of block <reset_conditioner_3> are unconnected in block <mojo_top_0>. Underlying logic will be removed.

=========================================================================
*                           HDL Synthesis                               *
=========================================================================

Synthesizing Unit <mojo_top_0>.
    Related source file is "C:/Users/PhoebusXS/Desktop/mojo-ide-B1.3.4/myProjects/Eight-Bit-ALU/work/planAhead/IOShieldExample/IOShieldExample.srcs/sources_1/imports/verilog/mojo_top_0.v".
WARNING:Xst:647 - Input <io_dip<23:22>> is never used. This port will be preserved and left unconnected if it belongs to a top-level block or it belongs to a sub-block and the hierarchy of this sub-block is preserved.
INFO:Xst:3210 - "C:/Users/PhoebusXS/Desktop/mojo-ide-B1.3.4/myProjects/Eight-Bit-ALU/work/planAhead/IOShieldExample/IOShieldExample.srcs/sources_1/imports/verilog/mojo_top_0.v" line 33: Output port <z> of the instance <myAdder> is unconnected or connected to loadless signal.
INFO:Xst:3210 - "C:/Users/PhoebusXS/Desktop/mojo-ide-B1.3.4/myProjects/Eight-Bit-ALU/work/planAhead/IOShieldExample/IOShieldExample.srcs/sources_1/imports/verilog/mojo_top_0.v" line 33: Output port <v> of the instance <myAdder> is unconnected or connected to loadless signal.
INFO:Xst:3210 - "C:/Users/PhoebusXS/Desktop/mojo-ide-B1.3.4/myProjects/Eight-Bit-ALU/work/planAhead/IOShieldExample/IOShieldExample.srcs/sources_1/imports/verilog/mojo_top_0.v" line 33: Output port <n> of the instance <myAdder> is unconnected or connected to loadless signal.
INFO:Xst:3210 - "C:/Users/PhoebusXS/Desktop/mojo-ide-B1.3.4/myProjects/Eight-Bit-ALU/work/planAhead/IOShieldExample/IOShieldExample.srcs/sources_1/imports/verilog/mojo_top_0.v" line 61: Output port <out> of the instance <reset_cond> is unconnected or connected to loadless signal.
    Summary:
	no macro.
Unit <mojo_top_0> synthesized.

Synthesizing Unit <adder_1>.
    Related source file is "C:/Users/PhoebusXS/Desktop/mojo-ide-B1.3.4/myProjects/Eight-Bit-ALU/work/planAhead/IOShieldExample/IOShieldExample.srcs/sources_1/imports/verilog/adder_1.v".
WARNING:Xst:647 - Input <alufn<5:2>> is never used. This port will be preserved and left unconnected if it belongs to a top-level block or it belongs to a sub-block and the hierarchy of this sub-block is preserved.
    Found 9-bit subtractor for signal <sub> created at line 34.
    Found 9-bit adder for signal <n0038> created at line 31.
    Summary:
	inferred   2 Adder/Subtractor(s).
Unit <adder_1> synthesized.

Synthesizing Unit <comparer_2>.
    Related source file is "C:/Users/PhoebusXS/Desktop/mojo-ide-B1.3.4/myProjects/Eight-Bit-ALU/work/planAhead/IOShieldExample/IOShieldExample.srcs/sources_1/imports/verilog/comparer_2.v".
WARNING:Xst:647 - Input <alufn<5:3>> is never used. This port will be preserved and left unconnected if it belongs to a top-level block or it belongs to a sub-block and the hierarchy of this sub-block is preserved.
    Found 1-bit 4-to-1 multiplexer for signal <_n0025> created at line 17.
    Summary:
	inferred   2 Multiplexer(s).
Unit <comparer_2> synthesized.

=========================================================================
HDL Synthesis Report

Macro Statistics
# Adders/Subtractors                                   : 2
 9-bit addsub                                          : 1
 9-bit subtractor                                      : 1
# Multiplexers                                         : 2
 1-bit 2-to-1 multiplexer                              : 1
 1-bit 4-to-1 multiplexer                              : 1
# Xors                                                 : 1
 1-bit xor2                                            : 1

=========================================================================

=========================================================================
*                       Advanced HDL Synthesis                          *
=========================================================================


=========================================================================
Advanced HDL Synthesis Report

Macro Statistics
# Adders/Subtractors                                   : 2
 9-bit addsub                                          : 1
 9-bit subtractor                                      : 1
# Multiplexers                                         : 2
 1-bit 2-to-1 multiplexer                              : 1
 1-bit 4-to-1 multiplexer                              : 1
# Xors                                                 : 1
 1-bit xor2                                            : 1

=========================================================================

=========================================================================
*                         Low Level Synthesis                           *
=========================================================================

Optimizing unit <mojo_top_0> ...

Optimizing unit <adder_1> ...

Mapping all equations...
Building and optimizing final netlist ...
Found area constraint ratio of 100 (+ 0) on block mojo_top_0, actual ratio is 0.

Final Macro Processing ...

=========================================================================
Final Register Report

Found no macro
=========================================================================

=========================================================================
*                           Partition Report                            *
=========================================================================

Partition Implementation Status
-------------------------------

  No Partitions were found in this design.

-------------------------------

=========================================================================
*                            Design Summary                             *
=========================================================================

Clock Information:
------------------
No clock signals found in this design

Asynchronous Control Signals Information:
----------------------------------------
No asynchronous control signals found in this design

Timing Summary:
---------------
Speed Grade: -2

   Minimum period: No path found
   Minimum input arrival time before clock: No path found
   Maximum output required time after clock: No path found
   Maximum combinational path delay: 10.044ns

=========================================================================
